mode: count
fiware.org/cached-auth-filter/main.go:91.13,93.2 1 0
fiware.org/cached-auth-filter/main.go:111.76,115.2 2 0
fiware.org/cached-auth-filter/main.go:118.95,122.2 3 0
fiware.org/cached-auth-filter/main.go:125.74,128.2 2 35
fiware.org/cached-auth-filter/main.go:131.74,133.2 1 32
fiware.org/cached-auth-filter/main.go:138.26,140.16 2 35
fiware.org/cached-auth-filter/main.go:146.2,148.35 2 32
fiware.org/cached-auth-filter/main.go:140.16,144.3 3 3
fiware.org/cached-auth-filter/main.go:153.93,157.41 2 45
fiware.org/cached-auth-filter/main.go:162.2,166.36 3 44
fiware.org/cached-auth-filter/main.go:170.2,172.35 2 43
fiware.org/cached-auth-filter/main.go:157.41,160.3 2 1
fiware.org/cached-auth-filter/main.go:166.36,169.3 2 1
fiware.org/cached-auth-filter/main.go:172.35,177.13 4 17
fiware.org/cached-auth-filter/main.go:181.3,181.29 1 15
fiware.org/cached-auth-filter/main.go:177.13,180.4 1 2
fiware.org/cached-auth-filter/main.go:182.8,185.3 1 26
fiware.org/cached-auth-filter/main.go:189.95,193.24 2 31
fiware.org/cached-auth-filter/main.go:198.2,198.22 1 30
fiware.org/cached-auth-filter/main.go:203.2,204.19 2 29
fiware.org/cached-auth-filter/main.go:209.2,211.60 2 25
fiware.org/cached-auth-filter/main.go:230.2,232.8 2 25
fiware.org/cached-auth-filter/main.go:193.24,196.3 1 1
fiware.org/cached-auth-filter/main.go:198.22,201.3 1 1
fiware.org/cached-auth-filter/main.go:204.19,207.3 1 4
fiware.org/cached-auth-filter/main.go:211.60,215.17 3 45
fiware.org/cached-auth-filter/main.go:219.3,219.13 1 45
fiware.org/cached-auth-filter/main.go:223.3,223.56 1 29
fiware.org/cached-auth-filter/main.go:215.17,217.12 2 0
fiware.org/cached-auth-filter/main.go:219.13,221.12 1 16
fiware.org/cached-auth-filter/main.go:223.56,226.4 2 28
fiware.org/cached-auth-filter/main.go:238.58,241.31 2 41
fiware.org/cached-auth-filter/main.go:245.2,247.16 3 7
fiware.org/cached-auth-filter/main.go:252.2,253.56 2 7
fiware.org/cached-auth-filter/main.go:241.31,243.3 1 34
fiware.org/cached-auth-filter/main.go:247.16,250.3 2 0
fiware.org/cached-auth-filter/main.go:253.56,256.3 2 1
fiware.org/cached-auth-filter/main.go:256.8,260.3 3 6
fiware.org/cached-auth-filter/main.go:267.59,268.39 1 37
fiware.org/cached-auth-filter/main.go:268.39,271.3 2 37
fiware.org/cached-auth-filter/main.go:277.80,284.23 5 35
fiware.org/cached-auth-filter/main.go:292.2,296.47 3 35
fiware.org/cached-auth-filter/main.go:304.2,304.26 1 35
fiware.org/cached-auth-filter/main.go:284.23,285.24 1 86
fiware.org/cached-auth-filter/main.go:288.3,288.22 1 86
fiware.org/cached-auth-filter/main.go:285.24,287.4 1 16
fiware.org/cached-auth-filter/main.go:288.22,290.4 1 35
fiware.org/cached-auth-filter/main.go:296.47,299.4 2 35
fiware.org/cached-auth-filter/main.go:299.18,303.3 3 0
fiware.org/cached-auth-filter/main.go:313.74,318.16 3 35
fiware.org/cached-auth-filter/main.go:324.2,324.17 1 33
fiware.org/cached-auth-filter/main.go:330.2,333.16 3 33
fiware.org/cached-auth-filter/main.go:338.2,346.28 4 31
fiware.org/cached-auth-filter/main.go:318.16,322.3 3 2
fiware.org/cached-auth-filter/main.go:324.17,328.3 3 0
fiware.org/cached-auth-filter/main.go:333.16,337.3 3 2
fiware.org/cached-auth-filter/main.go:346.28,348.30 2 47
fiware.org/cached-auth-filter/main.go:348.30,352.18 3 16
fiware.org/cached-auth-filter/main.go:357.4,357.18 1 14
fiware.org/cached-auth-filter/main.go:370.4,370.10 1 14
fiware.org/cached-auth-filter/main.go:352.18,355.5 2 2
fiware.org/cached-auth-filter/main.go:357.18,360.19 3 6
fiware.org/cached-auth-filter/main.go:364.5,368.90 4 6
fiware.org/cached-auth-filter/main.go:360.19,363.6 2 0
fiware.org/cached-auth-filter/main.go:380.96,383.39 2 6
fiware.org/cached-auth-filter/main.go:389.2,394.8 4 6
fiware.org/cached-auth-filter/main.go:383.39,384.13 1 7
fiware.org/cached-auth-filter/main.go:387.3,387.94 1 7
fiware.org/cached-auth-filter/main.go:384.13,386.4 1 1
fiware.org/cached-auth-filter/main.go:401.74,403.43 2 16
fiware.org/cached-auth-filter/main.go:423.2,424.16 2 2
fiware.org/cached-auth-filter/main.go:403.43,405.28 2 16
fiware.org/cached-auth-filter/main.go:406.19,407.15 1 2
fiware.org/cached-auth-filter/main.go:408.19,409.15 1 4
fiware.org/cached-auth-filter/main.go:410.26,412.18 2 6
fiware.org/cached-auth-filter/main.go:413.18,415.18 2 8
fiware.org/cached-auth-filter/main.go:418.4,418.49 1 6
fiware.org/cached-auth-filter/main.go:419.11,420.12 1 2
fiware.org/cached-auth-filter/main.go:415.18,417.5 1 2
fiware.org/cached-auth-filter/main.go:430.45,438.16 4 43
fiware.org/cached-auth-filter/main.go:443.2,446.26 3 42
fiware.org/cached-auth-filter/main.go:450.2,450.23 1 42
fiware.org/cached-auth-filter/main.go:454.2,454.8 1 42
fiware.org/cached-auth-filter/main.go:438.16,441.3 2 1
fiware.org/cached-auth-filter/main.go:446.26,448.3 1 23
fiware.org/cached-auth-filter/main.go:450.23,452.3 1 16
fiware.org/cached-auth-filter/main.go:460.48,464.16 3 33
fiware.org/cached-auth-filter/main.go:469.2,469.65 1 33
fiware.org/cached-auth-filter/main.go:464.16,467.3 2 0
fiware.org/cached-auth-filter/main.go:469.65,474.17 3 42
fiware.org/cached-auth-filter/main.go:479.3,479.69 1 42
fiware.org/cached-auth-filter/main.go:474.17,477.4 2 0
fiware.org/cached-auth-filter/main.go:479.69,482.52 2 42
fiware.org/cached-auth-filter/main.go:487.4,488.18 2 42
fiware.org/cached-auth-filter/main.go:491.4,491.43 1 42
fiware.org/cached-auth-filter/main.go:511.4,511.47 1 42
fiware.org/cached-auth-filter/main.go:482.52,485.5 1 35
fiware.org/cached-auth-filter/main.go:488.18,490.5 1 0
fiware.org/cached-auth-filter/main.go:491.43,504.51 5 43
fiware.org/cached-auth-filter/main.go:504.51,507.6 2 11
fiware.org/cached-auth-filter/main.go:507.11,509.6 1 32
fiware.org/cached-auth-filter/main.go:511.47,514.5 2 1
fiware.org/cached-auth-filter/main.go:523.95,534.28 7 23
fiware.org/cached-auth-filter/main.go:540.2,540.29 1 23
fiware.org/cached-auth-filter/main.go:546.2,546.21 1 23
fiware.org/cached-auth-filter/main.go:552.2,554.8 2 23
fiware.org/cached-auth-filter/main.go:534.28,536.3 1 2
fiware.org/cached-auth-filter/main.go:536.8,538.3 1 21
fiware.org/cached-auth-filter/main.go:540.29,542.3 1 2
fiware.org/cached-auth-filter/main.go:542.8,544.3 1 21
fiware.org/cached-auth-filter/main.go:546.21,548.3 1 2
fiware.org/cached-auth-filter/main.go:548.8,550.3 1 21
fiware.org/cached-auth-filter/main.go:560.102,570.2 5 7
fiware.org/cached-auth-filter/main.go:575.79,577.24 1 38
fiware.org/cached-auth-filter/main.go:582.2,582.36 1 38
fiware.org/cached-auth-filter/main.go:595.2,595.8 1 38
fiware.org/cached-auth-filter/main.go:577.24,580.3 2 0
fiware.org/cached-auth-filter/main.go:582.36,585.44 3 39
fiware.org/cached-auth-filter/main.go:589.3,593.55 4 38
fiware.org/cached-auth-filter/main.go:585.44,587.12 2 1
fiware.org/cached-auth-filter/main.go:601.77,604.16 2 33
fiware.org/cached-auth-filter/main.go:609.2,610.16 2 33
fiware.org/cached-auth-filter/main.go:615.2,615.41 1 31
fiware.org/cached-auth-filter/main.go:604.16,607.3 2 0
fiware.org/cached-auth-filter/main.go:610.16,613.3 2 2
